c:\users\marco_laptop\documents\github\the_rock_lives\debug\vc120.pdb
c:\users\marco_laptop\documents\github\the_rock_lives\debug\vc120.idb
c:\users\marco_laptop\documents\github\the_rock_lives\debug\inputmanger.obj
c:\users\marco_laptop\documents\github\the_rock_lives\debug\objectlist.obj
c:\users\marco_laptop\documents\github\the_rock_lives\debug\reticle.obj
c:\users\marco_laptop\documents\github\the_rock_lives\debug\inventoryview.obj
c:\users\marco_laptop\documents\github\the_rock_lives\debug\monster.obj
c:\users\marco_laptop\documents\github\the_rock_lives\debug\rocklives.obj
c:\users\marco_laptop\documents\github\the_rock_lives\debug\statsview.obj
c:\users\marco_laptop\documents\github\the_rock_lives\debug\saucer.obj
c:\users\marco_laptop\documents\github\the_rock_lives\debug\star.obj
c:\users\marco_laptop\documents\github\the_rock_lives\debug\test.obj
c:\users\marco_laptop\documents\github\the_rock_lives\debug\gamemanager.obj
c:\users\marco_laptop\documents\github\the_rock_lives\debug\logmanager.obj
c:\users\marco_laptop\documents\github\the_rock_lives\debug\main.obj
c:\users\marco_laptop\documents\github\the_rock_lives\debug\manager.obj
c:\users\marco_laptop\documents\github\the_rock_lives\debug\object.obj
c:\users\marco_laptop\documents\github\the_rock_lives\debug\objectlistiterator.obj
c:\users\marco_laptop\documents\github\the_rock_lives\debug\position.obj
c:\users\marco_laptop\documents\github\the_rock_lives\debug\testobject.obj
c:\users\marco_laptop\documents\github\the_rock_lives\debug\utility.obj
c:\users\marco_laptop\documents\github\the_rock_lives\debug\worldmanager.obj
c:\users\marco_laptop\documents\github\the_rock_lives\debug\bullet.obj
c:\users\marco_laptop\documents\github\the_rock_lives\debug\clock.obj
c:\users\marco_laptop\documents\github\the_rock_lives\debug\event.obj
c:\users\marco_laptop\documents\github\the_rock_lives\debug\eventcollision.obj
c:\users\marco_laptop\documents\github\the_rock_lives\debug\eventkeyboard.obj
c:\users\marco_laptop\documents\github\the_rock_lives\debug\eventmouse.obj
c:\users\marco_laptop\documents\github\the_rock_lives\debug\eventnuke.obj
c:\users\marco_laptop\documents\github\the_rock_lives\debug\eventout.obj
c:\users\marco_laptop\documents\github\the_rock_lives\debug\eventstep.obj
c:\users\marco_laptop\documents\github\the_rock_lives\debug\explosion.obj
c:\users\marco_laptop\documents\github\the_rock_lives\debug\game.obj
c:\users\marco_laptop\documents\github\the_rock_lives\debug\gameover.obj
c:\users\marco_laptop\documents\github\the_rock_lives\debug\graphicsmanager.obj
c:\users\marco_laptop\documents\github\the_rock_lives\debug\hero.obj
c:\users\marco_laptop\documents\github\the_rock_lives\debug\the_rock.ilk
c:\users\marco_laptop\documents\github\the_rock_lives\debug\the_rock.exe
c:\users\marco_laptop\documents\github\the_rock_lives\debug\the_rock.pdb
c:\users\marco_laptop\documents\github\the_rock_lives\debug\the_rock.tlog\cl.command.1.tlog
c:\users\marco_laptop\documents\github\the_rock_lives\debug\the_rock.tlog\cl.read.1.tlog
c:\users\marco_laptop\documents\github\the_rock_lives\debug\the_rock.tlog\cl.write.1.tlog
c:\users\marco_laptop\documents\github\the_rock_lives\debug\the_rock.tlog\link.command.1.tlog
c:\users\marco_laptop\documents\github\the_rock_lives\debug\the_rock.tlog\link.read.1.tlog
c:\users\marco_laptop\documents\github\the_rock_lives\debug\the_rock.tlog\link.write.1.tlog
