21:47:56 Message: rock.log
21:47:57 Message: df::mouse
21:47:57 Message: df::step
21:47:57 Message: df::step
21:47:57 Message: df::step
21:47:57 Message: df::step
21:47:57 Message: df::step
21:47:57 Message: df::step
21:47:57 Message: df::step
21:47:57 Message: df::step
21:47:57 Message: df::step
21:47:57 Message: df::step
21:47:57 Message: df::step
21:47:57 Message: df::step
21:47:57 Message: df::step
21:47:57 Message: df::step
21:47:57 Message: df::step
21:47:57 Message: df::step
21:47:57 Message: df::step
21:47:57 Message: df::step
21:47:57 Message: df::step
21:47:58 Message: df::step
21:47:58 Message: df::step
21:47:58 Message: df::step
21:47:58 Message: df::step
21:47:58 Message: df::step
21:47:58 Message: df::step
21:47:58 Message: df::step
21:47:58 Message: df::step
21:47:58 Message: df::step
21:47:58 Message: df::step
21:47:58 Message: df::step
21:47:58 Message: df::step
21:47:58 Message: df::step
21:47:58 Message: df::step
21:47:58 Message: df::step
21:47:58 Message: df::step
21:47:58 Message: df::step
21:47:58 Message: df::step
21:47:58 Message: df::step
21:47:58 Message: df::step
21:47:58 Message: df::step
21:47:58 Message: df::step
21:47:58 Message: df::step
21:47:58 Message: df::step
21:47:58 Message: df::step
21:47:58 Message: df::step
21:47:58 Message: df::step
21:47:58 Message: df::step
21:47:58 Message: df::step
21:47:58 Message: df::step
21:47:58 Message: df::step
21:47:59 Message: df::step
21:47:59 Message: df::step
21:47:59 Message: df::step
21:47:59 Message: df::step
21:47:59 Message: df::step
21:47:59 Message: df::step
21:47:59 Message: df::step
21:47:59 Message: df::step
21:47:59 Message: df::step
21:47:59 Message: df::step
21:47:59 Message: df::step
21:47:59 Message: df::step
21:47:59 Message: df::step
21:47:59 Message: df::step
21:47:59 Message: df::step
21:47:59 Message: df::step
21:47:59 Message: df::step
21:47:59 Message: df::step
21:48:00 Message: df::step
21:48:00 Message: df::step
21:48:00 Message: df::step
21:48:00 Message: df::step
21:48:00 Message: df::step
21:48:00 Message: df::step
21:48:00 Message: df::keyboard
21:48:00 Message: df::keyboard
21:48:00 Message: df::step
21:48:00 Message: df::keyboard
21:48:00 Message: df::step
21:48:00 Message: df::keyboard
21:48:00 Message: df::keyboard
21:48:00 Message: df::keyboard
21:48:00 Message: df::step
21:48:00 Message: df::keyboard
21:48:00 Message: df::step
21:48:00 Message: df::keyboard
21:48:00 Message: df::keyboard
21:48:00 Message: df::keyboard
21:48:00 Message: df::step
21:48:00 Message: df::keyboard
21:48:00 Message: df::step
21:48:01 Message: df::keyboard
21:48:01 Message: df::keyboard
21:48:01 Message: df::keyboard
21:48:01 Message: df::step
21:48:01 Message: df::keyboard
21:48:01 Message: df::step
21:48:01 Message: df::keyboard
21:48:01 Message: df::keyboard
21:48:01 Message: df::step
21:48:01 Message: df::keyboard
21:48:01 Message: df::keyboard
21:48:01 Message: df::keyboard
21:48:01 Message: df::keyboard
21:48:01 Message: df::keyboard
21:48:01 Message: df::step
21:48:01 Message: df::keyboard
21:48:01 Message: df::keyboard
21:48:01 Message: df::step
21:48:01 Message: df::keyboard
21:48:01 Message: df::keyboard
21:48:01 Message: df::keyboard
21:48:01 Message: df::keyboard
21:48:01 Message: df::step
21:48:01 Message: df::keyboard
21:48:01 Message: df::step
21:48:01 Message: df::keyboard
21:48:01 Message: df::keyboard
21:48:01 Message: df::keyboard
21:48:01 Message: df::step
21:48:01 Message: df::keyboard
21:48:01 Message: df::step
21:48:01 Message: df::keyboard
21:48:01 Message: df::step
21:48:01 Message: df::keyboard
21:48:01 Message: df::step
21:48:01 Message: df::keyboard
21:48:01 Message: df::step
21:48:02 Message: df::step
21:48:02 Message: df::keyboard
21:48:02 Message: df::keyboard
21:48:02 Message: df::step
21:48:02 Message: df::keyboard
21:48:02 Message: df::step
21:48:02 Message: df::keyboard
21:48:02 Message: df::keyboard
21:48:02 Message: df::step
21:48:02 Message: df::keyboard
21:48:02 Message: df::step
21:48:02 Message: df::step
21:48:02 Message: df::step
21:48:02 Message: df::step
21:48:02 Message: df::keyboard
21:48:02 Message: df::keyboard
21:48:02 Message: df::step
21:48:02 Message: df::keyboard
21:48:02 Message: df::step
21:48:02 Message: df::keyboard
21:48:02 Message: df::keyboard
21:48:02 Message: df::step
21:48:03 Message: df::keyboard
21:48:03 Message: df::step
21:48:03 Message: df::keyboard
21:48:03 Message: df::keyboard
21:48:03 Message: df::step
21:48:03 Message: df::keyboard
21:48:03 Message: df::step
21:48:03 Message: df::keyboard
21:48:03 Message: df::keyboard
21:48:03 Message: df::step
21:48:03 Message: df::keyboard
21:48:03 Message: df::step
21:48:03 Message: df::step
21:48:03 Message: df::keyboard
21:48:03 Message: df::keyboard
21:48:03 Message: df::step
21:48:03 Message: df::keyboard
21:48:03 Message: df::step
21:48:03 Message: df::step
21:48:03 Message: df::step
21:48:03 Message: df::keyboard
21:48:03 Message: df::keyboard
21:48:03 Message: df::step
21:48:03 Message: df::keyboard
21:48:03 Message: df::step
21:48:04 Message: df::keyboard
21:48:04 Message: df::keyboard
21:48:04 Message: df::step
21:48:04 Message: df::keyboard
21:48:04 Message: df::step
21:48:04 Message: df::keyboard
21:48:04 Message: df::keyboard
21:48:04 Message: df::step
21:48:04 Message: df::keyboard
21:48:04 Message: df::keyboard
21:48:04 Message: df::keyboard
21:48:04 Message: df::step
21:48:04 Message: df::keyboard
21:48:04 Message: df::step
21:48:04 Message: df::keyboard
21:48:04 Message: df::keyboard
21:48:04 Message: df::keyboard
21:48:04 Message: df::step
21:48:04 Message: df::keyboard
21:48:04 Message: df::step
21:48:04 Message: df::keyboard
21:48:04 Message: df::step
21:48:04 Message: df::keyboard
21:48:04 Message: df::keyboard
21:48:04 Message: df::step
21:48:04 Message: df::keyboard
21:48:04 Message: df::step
21:48:04 Message: df::keyboard
21:48:04 Message: df::keyboard
21:48:04 Message: df::step
21:48:04 Message: df::keyboard
21:48:04 Message: df::step
21:48:05 Message: df::keyboard
21:48:05 Message: df::keyboard
21:48:05 Message: df::step
21:48:05 Message: df::keyboard
21:48:05 Message: df::step
21:48:05 Message: df::keyboard
21:48:05 Message: df::keyboard
21:48:05 Message: df::step
21:48:05 Message: df::keyboard
21:48:05 Message: df::step
21:48:05 Message: df::keyboard
21:48:05 Message: df::keyboard
21:48:05 Message: df::step
21:48:05 Message: df::keyboard
21:48:05 Message: df::step
21:48:05 Message: df::keyboard
21:48:05 Message: df::keyboard
21:48:05 Message: df::step
21:48:05 Message: df::keyboard
21:48:05 Message: df::keyboard
21:48:05 Message: df::keyboard
21:48:05 Message: df::step
21:48:05 Message: df::keyboard
21:48:05 Message: df::step
21:48:05 Message: df::keyboard
21:48:05 Message: df::keyboard
21:48:05 Message: df::step
21:48:05 Message: df::keyboard
21:48:05 Message: df::step
21:48:06 Message: df::keyboard
21:48:06 Message: df::keyboard
21:48:06 Message: df::step
21:48:06 Message: df::keyboard
21:48:06 Message: df::step
21:48:06 Message: df::keyboard
21:48:06 Message: df::keyboard
21:48:06 Message: df::step
21:48:06 Message: df::keyboard
21:48:06 Message: df::step
21:48:06 Message: df::keyboard
21:48:06 Message: df::keyboard
21:48:06 Message: df::step
21:48:06 Message: df::keyboard
21:48:06 Message: df::step
21:48:06 Message: df::keyboard
21:48:06 Message: df::keyboard
21:48:06 Message: df::step
21:48:06 Message: df::keyboard
21:48:06 Message: df::step
21:48:06 Message: df::keyboard
21:48:06 Message: df::keyboard
21:48:06 Message: df::step
21:48:06 Message: df::keyboard
21:48:06 Message: df::step
21:48:06 Message: df::keyboard
21:48:06 Message: df::keyboard
21:48:06 Message: df::step
21:48:06 Message: df::keyboard
21:48:06 Message: df::step
21:48:07 Message: df::keyboard
21:48:07 Message: df::keyboard
21:48:07 Message: df::step
21:48:07 Message: df::keyboard
21:48:07 Message: df::step
21:48:07 Message: df::keyboard
21:48:07 Message: df::keyboard
21:48:07 Message: df::step
21:48:07 Message: df::keyboard
21:48:07 Message: df::step
21:48:07 Message: df::keyboard
21:48:07 Message: df::keyboard
21:48:07 Message: df::step
21:48:07 Message: df::keyboard
21:48:07 Message: df::step
21:48:07 Message: df::keyboard
21:48:07 Message: df::keyboard
21:48:07 Message: df::step
21:48:07 Message: df::keyboard
21:48:07 Message: df::step
21:48:07 Message: df::keyboard
21:48:07 Message: df::keyboard
21:48:07 Message: df::step
21:48:07 Message: df::keyboard
21:48:07 Message: df::step
21:48:07 Message: df::step
21:48:07 Message: df::keyboard
21:48:07 Message: df::keyboard
21:48:07 Message: df::step
21:48:07 Message: df::keyboard
21:48:07 Message: df::step
21:48:08 Message: df::keyboard
21:48:08 Message: df::keyboard
21:48:08 Message: df::step
21:48:08 Message: df::keyboard
21:48:08 Message: df::step
21:48:08 Message: df::keyboard
21:48:08 Message: df::keyboard
21:48:08 Message: df::step
21:48:08 Message: df::step
21:48:08 Message: df::keyboard
21:48:08 Message: df::keyboard
21:48:08 Message: df::step
21:48:08 Message: df::keyboard
21:48:08 Message: df::keyboard
21:48:08 Message: df::step
21:48:08 Message: df::keyboard
21:48:08 Message: df::step
21:48:08 Message: df::keyboard
21:48:08 Message: df::keyboard
21:48:08 Message: df::step
21:48:08 Message: df::keyboard
21:48:08 Message: df::step
21:48:08 Message: df::keyboard
21:48:08 Message: df::keyboard
21:48:08 Message: df::step
21:48:08 Message: df::keyboard
21:48:08 Message: df::step
21:48:08 Message: df::keyboard
21:48:08 Message: df::keyboard
21:48:08 Message: df::step
21:48:08 Message: df::keyboard
21:48:08 Message: df::step
21:48:09 Message: df::keyboard
21:48:09 Message: df::keyboard
21:48:09 Message: df::step
21:48:09 Message: df::keyboard
21:48:09 Message: df::step
21:48:09 Message: df::step
21:48:09 Message: df::keyboard
21:48:09 Message: df::keyboard
21:48:09 Message: df::step
21:48:09 Message: df::keyboard
21:48:09 Message: df::step
21:48:09 Message: df::keyboard
21:48:09 Message: df::keyboard
21:48:09 Message: df::step
21:48:09 Message: df::keyboard
21:48:09 Message: df::step
21:48:09 Message: df::step
21:48:09 Message: df::keyboard
21:48:09 Message: df::keyboard
21:48:09 Message: df::step
21:48:09 Message: df::step
21:48:09 Message: df::step
21:48:09 Message: df::step
21:48:09 Message: df::keyboard
21:48:09 Message: df::keyboard
21:48:09 Message: df::step
21:48:09 Message: df::keyboard
21:48:09 Message: df::step
21:48:10 Message: df::keyboard
21:48:10 Message: df::keyboard
21:48:10 Message: df::step
21:48:10 Message: df::keyboard
21:48:10 Message: df::step
21:48:10 Message: df::keyboard
21:48:10 Message: df::step
21:48:10 Message: df::keyboard
21:48:10 Message: df::keyboard
21:48:10 Message: df::step
21:48:10 Message: df::keyboard
21:48:10 Message: df::step
21:48:10 Message: df::keyboard
21:48:10 Message: df::step
21:48:10 Message: df::keyboard
21:48:10 Message: df::keyboard
21:48:10 Message: df::step
21:48:10 Message: df::keyboard
21:48:10 Message: df::step
21:48:10 Message: df::keyboard
21:48:10 Message: df::step
21:48:10 Message: df::keyboard
21:48:10 Message: df::keyboard
21:48:10 Message: df::step
21:48:10 Message: df::keyboard
21:48:10 Message: df::step
21:48:10 Message: df::step
21:48:10 Message: df::keyboard
21:48:10 Message: df::keyboard
21:48:10 Message: df::step
21:48:10 Message: df::keyboard
21:48:10 Message: df::step
21:48:10 Message: df::step
21:48:11 Message: df::step
21:48:11 Message: df::keyboard
21:48:11 Message: df::keyboard
21:48:11 Message: df::step
21:48:11 Message: df::keyboard
21:48:11 Message: df::step
21:48:11 Message: df::keyboard
21:48:11 Message: df::step
21:48:11 Message: df::keyboard
21:48:11 Message: df::collision
21:48:11 Message: df::keyboard
21:48:11 Message: df::step
21:48:11 Message: df::keyboard
21:48:11 Message: df::step
21:48:11 Message: df::keyboard
21:48:11 Message: df::step
21:48:11 Message: df::keyboard
21:48:11 Message: df::collision
21:48:11 Message: df::keyboard
21:48:11 Message: df::step
21:48:11 Message: df::keyboard
21:48:11 Message: df::step
21:48:11 Message: df::keyboard
21:48:11 Message: df::step
21:48:11 Message: df::keyboard
21:48:11 Message: df::collision
21:48:11 Message: df::keyboard
21:48:11 Message: df::step
21:48:11 Message: df::keyboard
21:48:11 Message: df::step
21:48:11 Message: df::keyboard
21:48:11 Message: df::step
21:48:12 Message: df::keyboard
21:48:12 Message: df::collision
21:48:12 Message: df::keyboard
21:48:12 Message: df::step
21:48:12 Message: df::keyboard
21:48:12 Message: df::step
21:48:12 Message: df::keyboard
21:48:12 Message: df::step
21:48:12 Message: df::step
21:48:12 Message: df::step
21:48:12 Message: df::step
21:48:12 Message: df::step
21:48:12 Message: df::step
21:48:12 Message: df::keyboard
21:48:12 Message: df::collision
21:48:12 Message: df::keyboard
21:48:12 Message: df::step
21:48:12 Message: df::keyboard
21:48:12 Message: df::step
21:48:12 Message: df::keyboard
21:48:12 Message: df::step
21:48:12 Message: df::keyboard
21:48:12 Message: df::collision
21:48:12 Message: df::keyboard
21:48:12 Message: df::step
21:48:12 Message: df::keyboard
21:48:12 Message: df::step
21:48:12 Message: df::keyboard
21:48:12 Message: df::step
21:48:12 Message: df::keyboard
21:48:12 Message: df::keyboard
21:48:12 Message: df::step
21:48:13 Message: df::keyboard
21:48:13 Message: df::step
21:48:13 Message: df::keyboard
21:48:13 Message: df::step
21:48:13 Message: df::keyboard
21:48:13 Message: df::step
21:48:13 Message: df::step
21:48:13 Message: df::step
21:48:13 Message: df::keyboard
21:48:13 Message: df::keyboard
21:48:13 Message: df::step
21:48:13 Message: df::keyboard
21:48:13 Message: df::step
21:48:13 Message: df::keyboard
21:48:13 Message: df::step
21:48:13 Message: df::step
21:48:13 Message: df::step
21:48:13 Message: df::step
21:48:13 Message: df::step
21:48:13 Message: df::step
21:48:13 Message: df::step
21:48:14 Message: df::step
21:48:14 Message: df::step
21:48:14 Message: df::step
21:48:14 Message: df::step
21:48:14 Message: df::step
21:48:14 Message: df::step
21:48:14 Message: df::step
21:48:14 Message: df::step
21:48:14 Message: df::keyboard
21:48:14 Message: df::collision
21:48:14 Message: df::keyboard
21:48:14 Message: df::step
21:48:14 Message: df::keyboard
21:48:14 Message: df::step
21:48:14 Message: df::keyboard
21:48:14 Message: df::collision
21:48:14 Message: df::keyboard
21:48:14 Message: df::step
21:48:14 Message: df::keyboard
21:48:14 Message: df::step
21:48:14 Message: df::step
21:48:14 Message: df::keyboard
21:48:14 Message: df::collision
21:48:14 Message: df::keyboard
21:48:14 Message: df::step
21:48:14 Message: df::keyboard
21:48:14 Message: df::step
21:48:15 Message: df::keyboard
21:48:15 Message: df::step
21:48:15 Message: df::keyboard
21:48:15 Message: df::collision
21:48:15 Message: df::keyboard
21:48:15 Message: df::step
21:48:15 Message: df::keyboard
21:48:15 Message: df::step
21:48:15 Message: df::step
21:48:15 Message: df::keyboard
21:48:15 Message: df::keyboard
21:48:15 Message: df::step
21:48:15 Message: df::keyboard
21:48:15 Message: df::step
21:48:15 Message: df::step
21:48:15 Message: df::step
21:48:15 Message: df::step
21:48:15 Message: df::step
21:48:15 Message: df::keyboard
21:48:15 Message: df::keyboard
21:48:15 Message: df::step
21:48:15 Message: df::keyboard
21:48:15 Message: df::step
21:48:15 Message: df::keyboard
21:48:15 Message: df::step
21:48:15 Message: df::step
21:48:16 Message: df::keyboard
21:48:16 Message: df::keyboard
21:48:16 Message: df::step
21:48:16 Message: df::keyboard
21:48:16 Message: df::step
21:48:16 Message: df::step
21:48:16 Message: df::step
21:48:16 Message: df::step
21:48:16 Message: df::step
21:48:16 Message: df::step
21:48:16 Message: df::step
21:48:16 Message: df::keyboard
21:48:16 Message: df::keyboard
21:48:16 Message: df::step
21:48:16 Message: df::keyboard
21:48:16 Message: df::step
21:48:16 Message: df::keyboard
21:48:16 Message: df::step
21:48:16 Message: df::step
21:48:16 Message: df::step
21:48:17 Message: df::step
21:48:17 Message: df::step
21:48:17 Message: df::step
21:48:17 Message: df::keyboard
21:48:17 Message: df::keyboard
21:48:17 Message: df::step
21:48:17 Message: df::keyboard
21:48:17 Message: df::step
21:48:17 Message: df::keyboard
21:48:17 Message: df::step
21:48:17 Message: df::step
21:48:17 Message: df::step
21:48:17 Message: df::step
21:48:17 Message: df::step
21:48:17 Message: df::step
21:48:17 Message: df::step
21:48:17 Message: df::step
21:48:17 Message: df::step
21:48:17 Message: df::step
21:48:18 Message: df::step
21:48:18 Message: df::step
21:48:18 Message: df::step
21:48:18 Message: df::step
21:48:18 Message: df::keyboard
21:48:18 Message: df::keyboard
21:48:18 Message: df::step
21:48:18 Message: df::keyboard
21:48:18 Message: df::step
21:48:18 Message: df::step
21:48:18 Message: df::step
21:48:18 Message: df::step
21:48:18 Message: df::step
21:48:18 Message: df::step
21:48:18 Message: df::step
21:48:18 Message: df::step
21:48:18 Message: df::step
21:48:18 Message: df::step
21:48:19 Message: df::step
21:48:19 Message: df::step
21:48:19 Message: df::step
21:48:19 Message: df::step
21:48:19 Message: df::step
21:48:19 Message: df::step
21:48:19 Message: df::keyboard
21:48:19 Message: df::keyboard
21:48:19 Message: df::step
21:48:19 Message: df::keyboard
21:48:19 Message: df::step
21:48:19 Message: df::keyboard
21:48:19 Message: df::step
21:48:19 Message: df::step
21:48:19 Message: df::step
21:48:19 Message: df::keyboard
21:48:19 Message: df::collision
21:48:19 Message: df::keyboard
21:48:19 Message: df::step
21:48:19 Message: df::keyboard
21:48:19 Message: df::step
21:48:19 Message: df::keyboard
21:48:19 Message: df::step
21:48:20 Message: df::step
21:48:20 Message: df::step
21:48:20 Message: df::keyboard
21:48:20 Message: df::collision
21:48:20 Message: df::keyboard
21:48:20 Message: df::step
21:48:20 Message: df::keyboard
21:48:20 Message: df::step
21:48:20 Message: df::keyboard
21:48:20 Message: df::step
21:48:20 Message: df::step
21:48:20 Message: df::keyboard
21:48:20 Message: df::keyboard
21:48:20 Message: df::step
21:48:20 Message: df::keyboard
21:48:20 Message: df::step
21:48:20 Message: df::keyboard
21:48:20 Message: df::step
21:48:20 Message: df::keyboard
21:48:20 Message: df::step
21:48:20 Message: df::keyboard
21:48:20 Message: df::keyboard
21:48:20 Message: df::step
21:48:20 Message: df::keyboard
21:48:20 Message: df::step
21:48:20 Message: df::keyboard
21:48:20 Message: df::step
21:48:20 Message: df::keyboard
21:48:20 Message: df::step
21:48:20 Message: df::keyboard
21:48:20 Message: df::collision
21:48:20 Message: df::keyboard
21:48:20 Message: df::step
21:48:21 Message: df::keyboard
21:48:21 Message: df::step
21:48:21 Message: df::keyboard
21:48:21 Message: df::step
21:48:21 Message: df::keyboard
21:48:21 Message: df::step
21:48:21 Message: df::step
21:48:21 Message: df::keyboard
21:48:21 Message: df::keyboard
21:48:21 Message: df::step
21:48:21 Message: df::keyboard
21:48:21 Message: df::step
21:48:21 Message: df::keyboard
21:48:21 Message: df::step
21:48:21 Message: df::step
21:48:21 Message: df::keyboard
21:48:21 Message: df::keyboard
21:48:21 Message: df::step
21:48:21 Message: df::keyboard
21:48:21 Message: df::step
21:48:21 Message: df::keyboard
21:48:21 Message: df::step
21:48:21 Message: df::step
21:48:21 Message: df::keyboard
21:48:21 Message: df::collision
21:48:21 Message: df::keyboard
21:48:21 Message: df::step
21:48:21 Message: df::keyboard
21:48:21 Message: df::step
21:48:21 Message: df::keyboard
21:48:21 Message: df::step
21:48:22 Message: df::step
21:48:22 Message: df::keyboard
21:48:22 Message: df::keyboard
21:48:22 Message: df::step
21:48:22 Message: df::keyboard
21:48:22 Message: df::step
21:48:22 Message: df::keyboard
21:48:22 Message: df::step
21:48:22 Message: df::keyboard
21:48:22 Message: df::keyboard
21:48:22 Message: df::step
21:48:22 Message: df::keyboard
21:48:22 Message: df::step
21:48:22 Message: df::keyboard
21:48:22 Message: df::step
21:48:22 Message: df::step
21:48:22 Message: df::step
21:48:22 Message: df::keyboard
21:48:22 Message: df::keyboard
21:48:22 Message: df::step
21:48:22 Message: df::keyboard
21:48:22 Message: df::step
21:48:22 Message: df::keyboard
21:48:22 Message: df::step
21:48:22 Message: df::step
21:48:22 Message: df::keyboard
21:48:22 Message: df::keyboard
21:48:22 Message: df::step
21:48:23 Message: df::keyboard
21:48:23 Message: df::step
21:48:23 Message: df::keyboard
21:48:23 Message: df::step
21:48:23 Message: df::keyboard
21:48:23 Message: df::keyboard
21:48:23 Message: df::step
21:48:23 Message: df::keyboard
21:48:23 Message: df::step
21:48:23 Message: df::keyboard
21:48:23 Message: df::step
21:48:23 Message: df::step
21:48:23 Message: df::step
21:48:23 Message: df::step
21:48:23 Message: df::step
21:48:23 Message: df::step
21:48:23 Message: df::step
21:48:23 Message: df::step
21:48:23 Message: df::keyboard
21:48:23 Message: df::keyboard
21:48:23 Message: df::step
21:48:23 Message: df::keyboard
21:48:23 Message: df::step
21:48:23 Message: df::keyboard
21:48:23 Message: df::step
21:48:24 Message: df::keyboard
21:48:24 Message: df::keyboard
21:48:24 Message: df::step
21:48:24 Message: df::keyboard
21:48:24 Message: df::step
21:48:24 Message: df::keyboard
21:48:24 Message: df::step
21:48:24 Message: df::step
21:48:24 Message: df::keyboard
21:48:24 Message: df::keyboard
21:48:24 Message: df::step
21:48:24 Message: df::keyboard
21:48:24 Message: df::step
21:48:24 Message: df::keyboard
21:48:24 Message: df::step
21:48:24 Message: df::step
21:48:24 Message: df::step
21:48:24 Message: df::step
21:48:24 Message: df::step
21:48:24 Message: df::keyboard
21:48:24 Message: df::keyboard
21:48:24 Message: df::step
21:48:24 Message: df::keyboard
21:48:24 Message: df::step
21:48:24 Message: df::keyboard
21:48:24 Message: df::step
21:48:24 Message: df::keyboard
21:48:24 Message: df::keyboard
21:48:24 Message: df::step
21:48:25 Message: df::keyboard
21:48:25 Message: df::step
21:48:25 Message: df::keyboard
21:48:25 Message: df::step
21:48:25 Message: df::keyboard
21:48:25 Message: df::keyboard
21:48:25 Message: df::step
21:48:25 Message: df::keyboard
21:48:25 Message: df::step
21:48:25 Message: df::keyboard
21:48:25 Message: df::step
21:48:25 Message: df::keyboard
21:48:25 Message: df::keyboard
21:48:25 Message: df::step
21:48:25 Message: df::keyboard
21:48:25 Message: df::step
21:48:25 Message: df::keyboard
21:48:25 Message: df::step
21:48:25 Message: df::step
21:48:25 Message: df::keyboard
21:48:25 Message: df::keyboard
21:48:25 Message: df::step
21:48:25 Message: df::keyboard
21:48:25 Message: df::step
21:48:25 Message: df::keyboard
21:48:25 Message: df::step
21:48:25 Message: df::step
21:48:25 Message: df::step
21:48:26 Message: df::step
21:48:26 Message: df::step
21:48:26 Message: df::step
21:48:26 Message: df::step
21:48:26 Message: df::step
21:48:26 Message: df::step
21:48:26 Message: df::step
21:48:26 Message: df::step
21:48:26 Message: df::step
21:48:26 Message: df::step
21:48:26 Message: df::step
21:48:26 Message: df::step
21:48:26 Message: df::step
21:48:26 Message: df::keyboard
21:48:26 Message: df::keyboard
21:48:26 Message: df::step
21:48:26 Message: df::keyboard
21:48:26 Message: df::step
21:48:27 Message: df::step
21:48:27 Message: df::step
21:48:27 Message: df::step
21:48:27 Message: df::step
21:48:27 Message: df::step
21:48:27 Message: df::step
21:48:27 Message: df::step
21:48:27 Message: df::step
21:48:27 Message: df::step
21:48:27 Message: df::step
21:48:27 Message: df::step
21:48:27 Message: df::keyboard
21:48:27 Message: df::keyboard
21:48:27 Message: df::step
21:48:27 Message: df::keyboard
21:48:27 Message: df::step
21:48:27 Message: df::keyboard
21:48:27 Message: df::step
21:48:27 Message: df::step
21:48:28 Message: df::step
21:48:28 Message: df::step
21:48:28 Message: df::step
21:48:28 Message: df::step
21:48:28 Message: df::step
21:48:28 Message: df::step
21:48:28 Message: df::step
21:48:28 Message: df::step
21:48:28 Message: df::step
21:48:28 Message: df::step
21:48:28 Message: df::keyboard
21:48:28 Message: df::keyboard
21:48:28 Message: df::step
21:48:28 Message: df::step
21:48:28 Message: df::keyboard
21:48:28 Message: df::keyboard
21:48:28 Message: df::step
21:48:28 Message: df::keyboard
21:48:28 Message: df::step
21:48:29 Message: df::keyboard
21:48:29 Message: df::keyboard
21:48:29 Message: df::step
21:48:29 Message: df::keyboard
21:48:29 Message: df::step
21:48:29 Message: df::keyboard
21:48:29 Message: df::keyboard
21:48:29 Message: df::keyboard
21:48:29 Message: df::step
21:48:29 Message: df::keyboard
21:48:29 Message: df::step
21:48:29 Message: df::keyboard
21:48:29 Message: df::keyboard
21:48:29 Message: df::step
21:48:29 Message: df::keyboard
21:48:29 Message: df::step
21:48:29 Message: df::keyboard
21:48:29 Message: df::keyboard
21:48:29 Message: df::step
21:48:29 Message: df::keyboard
21:48:29 Message: df::step
21:48:29 Message: df::keyboard
21:48:29 Message: df::step
21:48:29 Message: df::keyboard
21:48:29 Message: df::collision
21:48:29 Message: df::keyboard
21:48:29 Message: df::step
21:48:29 Message: df::keyboard
21:48:29 Message: df::step
21:48:29 Message: df::keyboard
21:48:29 Message: df::step
21:48:29 Message: df::keyboard
21:48:29 Message: df::collision
21:48:29 Message: df::keyboard
21:48:29 Message: df::step
21:48:30 Message: df::keyboard
21:48:30 Message: df::step
21:48:30 Message: df::keyboard
21:48:30 Message: df::step
21:48:30 Message: df::step
21:48:30 Message: df::keyboard
21:48:30 Message: df::collision
21:48:30 Message: df::keyboard
21:48:30 Message: df::step
21:48:30 Message: df::keyboard
21:48:30 Message: df::step
21:48:30 Message: df::keyboard
21:48:30 Message: df::step
21:48:30 Message: df::keyboard
21:48:30 Message: df::keyboard
21:48:30 Message: df::step
21:48:30 Message: df::keyboard
21:48:30 Message: df::step
21:48:30 Message: df::keyboard
21:48:30 Message: df::keyboard
21:48:30 Message: df::keyboard
21:48:30 Message: df::step
21:48:30 Message: df::keyboard
21:48:30 Message: df::step
21:48:30 Message: df::keyboard
21:48:30 Message: df::step
21:48:30 Message: df::keyboard
21:48:30 Message: df::keyboard
21:48:30 Message: df::keyboard
21:48:30 Message: df::step
21:48:30 Message: df::keyboard
21:48:30 Message: df::step
21:48:30 Message: df::keyboard
21:48:30 Message: df::keyboard
21:48:30 Message: df::keyboard
21:48:30 Message: df::step
21:48:30 Message: df::keyboard
21:48:30 Message: df::step
21:48:31 Message: df::keyboard
21:48:31 Message: df::keyboard
21:48:31 Message: df::keyboard
21:48:31 Message: df::step
21:48:31 Message: df::keyboard
21:48:31 Message: df::keyboard
21:48:31 Message: df::keyboard
21:48:31 Message: df::step
21:48:31 Message: df::keyboard
21:48:31 Message: df::step
21:48:31 Message: df::keyboard
21:48:31 Message: df::step
21:48:31 Message: df::keyboard
21:48:31 Message: df::keyboard
21:48:31 Message: df::step
21:48:31 Message: df::keyboard
21:48:31 Message: df::keyboard
21:48:31 Message: df::keyboard
21:48:31 Message: df::step
21:48:31 Message: df::keyboard
21:48:31 Message: df::step
21:48:31 Message: df::keyboard
21:48:31 Message: df::keyboard
21:48:31 Message: df::keyboard
21:48:31 Message: df::step
21:48:31 Message: df::keyboard
21:48:31 Message: df::step
21:48:31 Message: df::keyboard
21:48:31 Message: df::keyboard
21:48:31 Message: df::step
21:48:31 Message: df::keyboard
21:48:31 Message: df::step
21:48:31 Message: df::keyboard
21:48:31 Message: df::keyboard
21:48:31 Message: df::step
21:48:31 Message: df::keyboard
21:48:31 Message: df::keyboard
21:48:31 Message: df::keyboard
21:48:31 Message: df::step
21:48:31 Message: df::keyboard
21:48:31 Message: df::step
21:48:31 Message: df::keyboard
21:48:31 Message: df::keyboard
21:48:31 Message: df::keyboard
21:48:31 Message: df::step
21:48:32 Message: df::keyboard
21:48:32 Message: df::keyboard
21:48:32 Message: df::keyboard
21:48:32 Message: df::step
21:48:32 Message: df::keyboard
21:48:32 Message: df::step
21:48:32 Message: df::keyboard
21:48:32 Message: df::keyboard
21:48:32 Message: df::keyboard
21:48:32 Message: df::step
21:48:32 Message: df::keyboard
21:48:32 Message: df::keyboard
21:48:32 Message: df::keyboard
21:48:32 Message: df::step
21:48:32 Message: df::keyboard
21:48:32 Message: df::step
21:48:32 Message: df::keyboard
21:48:32 Message: df::keyboard
21:48:32 Message: df::step
21:48:32 Message: df::keyboard
21:48:32 Message: df::keyboard
21:48:32 Message: df::keyboard
21:48:32 Message: df::step
21:48:32 Message: df::keyboard
21:48:32 Message: df::keyboard
21:48:32 Message: df::keyboard
21:48:32 Message: df::step
21:48:32 Message: df::keyboard
21:48:32 Message: df::step
21:48:32 Message: df::keyboard
21:48:32 Message: df::keyboard
21:48:32 Message: df::step
21:48:32 Message: df::keyboard
21:48:32 Message: df::keyboard
21:48:32 Message: df::keyboard
21:48:32 Message: df::step
21:48:32 Message: df::keyboard
21:48:32 Message: df::step
21:48:32 Message: df::keyboard
21:48:32 Message: df::keyboard
21:48:32 Message: df::step
21:48:32 Message: df::keyboard
21:48:32 Message: df::keyboard
21:48:32 Message: df::keyboard
21:48:32 Message: df::step
21:48:32 Message: df::keyboard
21:48:32 Message: df::step
21:48:33 Message: df::keyboard
21:48:33 Message: df::keyboard
21:48:33 Message: df::step
21:48:33 Message: df::keyboard
21:48:33 Message: df::step
21:48:33 Message: df::keyboard
21:48:33 Message: df::keyboard
21:48:33 Message: df::step
21:48:33 Message: df::keyboard
21:48:33 Message: df::step
21:48:33 Message: df::keyboard
21:48:33 Message: df::keyboard
21:48:33 Message: df::step
21:48:33 Message: df::keyboard
21:48:33 Message: df::keyboard
21:48:33 Message: df::keyboard
21:48:33 Message: df::step
21:48:33 Message: df::keyboard
21:48:33 Message: df::step
21:48:33 Message: df::keyboard
21:48:33 Message: df::step
21:48:33 Message: df::keyboard
21:48:33 Message: df::keyboard
21:48:33 Message: df::step
21:48:33 Message: df::keyboard
21:48:33 Message: df::step
21:48:33 Message: df::keyboard
21:48:33 Message: df::keyboard
21:48:33 Message: df::step
21:48:33 Message: df::keyboard
21:48:33 Message: df::keyboard
21:48:33 Message: df::step
21:48:33 Message: df::keyboard
21:48:33 Message: df::keyboard
21:48:33 Message: df::keyboard
21:48:33 Message: df::step
21:48:33 Message: df::keyboard
21:48:33 Message: df::step
21:48:33 Message: df::keyboard
21:48:33 Message: df::keyboard
21:48:33 Message: df::step
21:48:33 Message: df::keyboard
21:48:33 Message: df::keyboard
21:48:33 Message: df::keyboard
21:48:33 Message: df::step
21:48:33 Message: df::keyboard
21:48:33 Message: df::keyboard
21:48:33 Message: df::keyboard
21:48:33 Message: df::step
21:48:33 Message: df::keyboard
21:48:33 Message: df::step
21:48:34 Message: df::keyboard
21:48:34 Message: df::keyboard
21:48:34 Message: df::keyboard
21:48:34 Message: df::step
21:48:34 Message: df::keyboard
21:48:34 Message: df::step
21:48:34 Message: df::keyboard
21:48:34 Message: df::keyboard
21:48:34 Message: df::step
21:48:34 Message: df::keyboard
21:48:34 Message: df::step
21:48:34 Message: df::keyboard
21:48:34 Message: df::keyboard
21:48:34 Message: df::keyboard
21:48:34 Message: df::step
21:48:34 Message: df::keyboard
21:48:34 Message: df::keyboard
21:48:34 Message: df::keyboard
21:48:34 Message: df::step
21:48:34 Message: df::keyboard
21:48:34 Message: df::step
21:48:34 Message: df::keyboard
21:48:34 Message: df::keyboard
21:48:34 Message: df::keyboard
21:48:34 Message: df::step
21:48:34 Message: df::keyboard
21:48:34 Message: df::step
21:48:34 Message: df::keyboard
21:48:34 Message: df::keyboard
21:48:34 Message: df::step
21:48:34 Message: df::keyboard
21:48:34 Message: df::step
21:48:34 Message: df::keyboard
21:48:34 Message: df::keyboard
21:48:34 Message: df::keyboard
21:48:34 Message: df::step
21:48:34 Message: df::keyboard
21:48:34 Message: df::step
21:48:34 Message: df::keyboard
21:48:34 Message: df::keyboard
21:48:34 Message: df::step
21:48:34 Message: df::keyboard
21:48:34 Message: df::step
21:48:34 Message: df::keyboard
21:48:34 Message: df::step
21:48:34 Message: df::step
21:48:34 Message: df::step
21:48:34 Message: df::keyboard
21:48:34 Message: df::collision
21:48:34 Message: df::keyboard
21:48:34 Message: df::step
21:48:35 Message: df::step
21:48:35 Message: df::keyboard
21:48:35 Message: df::collision
21:48:35 Message: df::keyboard
21:48:35 Message: df::step
21:48:35 Message: df::keyboard
21:48:35 Message: df::step
21:48:35 Message: df::step
21:48:35 Message: df::keyboard
21:48:35 Message: df::collision
21:48:35 Message: df::keyboard
21:48:35 Message: df::step
21:48:35 Message: df::keyboard
21:48:35 Message: df::step
21:48:35 Message: df::step
21:48:35 Message: df::step
21:48:35 Message: df::step
21:48:35 Message: df::step
21:48:35 Message: df::keyboard
21:48:35 Message: df::keyboard
21:48:35 Message: df::step
